<?xml version="1.0" encoding="UTF-8"?>
<testng-results ignored="0" total="15" passed="15" failed="0" skipped="0">
  <reporter-output>
  </reporter-output>
  <suite started-at="2024-09-01T17:25:46 IST" name="Surefire suite" finished-at="2024-09-01T17:27:30 IST" duration-ms="103432">
    <groups>
      <group name="cucumber">
        <method signature="AbstractTestNGCucumberTests.runScenario(io.cucumber.testng.PickleWrapper,io.cucumber.testng.FeatureWrapper)[pri:0, instance:runner.Runner@6e20b53a]" name="runScenario" class="io.cucumber.testng.AbstractTestNGCucumberTests"/>
      </group> <!-- cucumber -->
    </groups>
    <test started-at="2024-09-01T17:25:46 IST" name="Surefire test" finished-at="2024-09-01T17:27:30 IST" duration-ms="103432">
      <class name="runner.Runner">
        <test-method is-config="true" signature="setUpClass(org.testng.ITestContext)[pri:0, instance:runner.Runner@6e20b53a]" started-at="2024-09-01T17:25:46 IST" name="setUpClass" finished-at="2024-09-01T17:25:47 IST" duration-ms="853" status="PASS">
          <params>
            <param index="0">
              <value>
                <![CDATA[org.testng.TestRunner@68af87ad]]>
              </value>
            </param>
          </params>
          <reporter-output>
          </reporter-output>
        </test-method> <!-- setUpClass -->
        <test-method signature="runScenario(io.cucumber.testng.PickleWrapper,io.cucumber.testng.FeatureWrapper)[pri:0, instance:runner.Runner@6e20b53a]" started-at="2024-09-01T17:25:47 IST" name="runScenario" description="Runs Cucumber Scenarios" data-provider="scenarios" finished-at="2024-09-01T17:25:55 IST" duration-ms="8335" status="PASS">
          <params>
            <param index="0">
              <value>
                <![CDATA["User should move to BedSheets page"]]>
              </value>
            </param>
            <param index="1">
              <value>
                <![CDATA["BedSheeets"]]>
              </value>
            </param>
          </params>
          <reporter-output>
          </reporter-output>
        </test-method> <!-- runScenario -->
        <test-method signature="runScenario(io.cucumber.testng.PickleWrapper,io.cucumber.testng.FeatureWrapper)[pri:0, instance:runner.Runner@6e20b53a]" started-at="2024-09-01T17:25:55 IST" name="runScenario" description="Runs Cucumber Scenarios" data-provider="scenarios" finished-at="2024-09-01T17:26:02 IST" duration-ms="6191" status="PASS">
          <params>
            <param index="0">
              <value>
                <![CDATA["User should able click on checkbox"]]>
              </value>
            </param>
            <param index="1">
              <value>
                <![CDATA["BedSheeets"]]>
              </value>
            </param>
          </params>
          <reporter-output>
          </reporter-output>
        </test-method> <!-- runScenario -->
        <test-method signature="runScenario(io.cucumber.testng.PickleWrapper,io.cucumber.testng.FeatureWrapper)[pri:0, instance:runner.Runner@6e20b53a]" started-at="2024-09-01T17:26:02 IST" name="runScenario" description="Runs Cucumber Scenarios" data-provider="scenarios" finished-at="2024-09-01T17:26:08 IST" duration-ms="6052" status="PASS">
          <params>
            <param index="0">
              <value>
                <![CDATA["User should able add products to wishlist"]]>
              </value>
            </param>
            <param index="1">
              <value>
                <![CDATA["BedSheeets"]]>
              </value>
            </param>
          </params>
          <reporter-output>
          </reporter-output>
        </test-method> <!-- runScenario -->
        <test-method signature="runScenario(io.cucumber.testng.PickleWrapper,io.cucumber.testng.FeatureWrapper)[pri:0, instance:runner.Runner@6e20b53a]" started-at="2024-09-01T17:26:08 IST" name="runScenario" description="Runs Cucumber Scenarios" data-provider="scenarios" finished-at="2024-09-01T17:26:14 IST" duration-ms="6672" status="PASS">
          <params>
            <param index="0">
              <value>
                <![CDATA["User should able to Sort products"]]>
              </value>
            </param>
            <param index="1">
              <value>
                <![CDATA["BedSheeets"]]>
              </value>
            </param>
          </params>
          <reporter-output>
          </reporter-output>
        </test-method> <!-- runScenario -->
        <test-method signature="runScenario(io.cucumber.testng.PickleWrapper,io.cucumber.testng.FeatureWrapper)[pri:0, instance:runner.Runner@6e20b53a]" started-at="2024-09-01T17:26:14 IST" name="runScenario" description="Runs Cucumber Scenarios" data-provider="scenarios" finished-at="2024-09-01T17:26:23 IST" duration-ms="8588" status="PASS">
          <params>
            <param index="0">
              <value>
                <![CDATA["User should able to add product to cart"]]>
              </value>
            </param>
            <param index="1">
              <value>
                <![CDATA["BedSheeets"]]>
              </value>
            </param>
          </params>
          <reporter-output>
          </reporter-output>
        </test-method> <!-- runScenario -->
        <test-method signature="runScenario(io.cucumber.testng.PickleWrapper,io.cucumber.testng.FeatureWrapper)[pri:0, instance:runner.Runner@6e20b53a]" started-at="2024-09-01T17:26:23 IST" name="runScenario" description="Runs Cucumber Scenarios" data-provider="scenarios" finished-at="2024-09-01T17:26:29 IST" duration-ms="6396" status="PASS">
          <params>
            <param index="0">
              <value>
                <![CDATA["To validate the Bed and Bath Category"]]>
              </value>
            </param>
            <param index="1">
              <value>
                <![CDATA["Bed & Bath feature"]]>
              </value>
            </param>
          </params>
          <reporter-output>
          </reporter-output>
        </test-method> <!-- runScenario -->
        <test-method signature="runScenario(io.cucumber.testng.PickleWrapper,io.cucumber.testng.FeatureWrapper)[pri:0, instance:runner.Runner@6e20b53a]" started-at="2024-09-01T17:26:29 IST" name="runScenario" description="Runs Cucumber Scenarios" data-provider="scenarios" finished-at="2024-09-01T17:26:37 IST" duration-ms="8215" status="PASS">
          <params>
            <param index="0">
              <value>
                <![CDATA["To validate the Bed and Bath Category"]]>
              </value>
            </param>
            <param index="1">
              <value>
                <![CDATA["Bed & Bath feature"]]>
              </value>
            </param>
          </params>
          <reporter-output>
          </reporter-output>
        </test-method> <!-- runScenario -->
        <test-method signature="runScenario(io.cucumber.testng.PickleWrapper,io.cucumber.testng.FeatureWrapper)[pri:0, instance:runner.Runner@6e20b53a]" started-at="2024-09-01T17:26:37 IST" name="runScenario" description="Runs Cucumber Scenarios" data-provider="scenarios" finished-at="2024-09-01T17:26:43 IST" duration-ms="5987" status="PASS">
          <params>
            <param index="0">
              <value>
                <![CDATA["To validate the Decor Category"]]>
              </value>
            </param>
            <param index="1">
              <value>
                <![CDATA["Decor"]]>
              </value>
            </param>
          </params>
          <reporter-output>
          </reporter-output>
        </test-method> <!-- runScenario -->
        <test-method signature="runScenario(io.cucumber.testng.PickleWrapper,io.cucumber.testng.FeatureWrapper)[pri:0, instance:runner.Runner@6e20b53a]" started-at="2024-09-01T17:26:43 IST" name="runScenario" description="Runs Cucumber Scenarios" data-provider="scenarios" finished-at="2024-09-01T17:26:50 IST" duration-ms="6177" status="PASS">
          <params>
            <param index="0">
              <value>
                <![CDATA["To validate the Decor Category"]]>
              </value>
            </param>
            <param index="1">
              <value>
                <![CDATA["Decor"]]>
              </value>
            </param>
          </params>
          <reporter-output>
          </reporter-output>
        </test-method> <!-- runScenario -->
        <test-method signature="runScenario(io.cucumber.testng.PickleWrapper,io.cucumber.testng.FeatureWrapper)[pri:0, instance:runner.Runner@6e20b53a]" started-at="2024-09-01T17:26:50 IST" name="runScenario" description="Runs Cucumber Scenarios" data-provider="scenarios" finished-at="2024-09-01T17:26:59 IST" duration-ms="9454" status="PASS">
          <params>
            <param index="0">
              <value>
                <![CDATA["To validate the Decor Category"]]>
              </value>
            </param>
            <param index="1">
              <value>
                <![CDATA["Decor"]]>
              </value>
            </param>
          </params>
          <reporter-output>
          </reporter-output>
        </test-method> <!-- runScenario -->
        <test-method signature="runScenario(io.cucumber.testng.PickleWrapper,io.cucumber.testng.FeatureWrapper)[pri:0, instance:runner.Runner@6e20b53a]" started-at="2024-09-01T17:26:59 IST" name="runScenario" description="Runs Cucumber Scenarios" data-provider="scenarios" finished-at="2024-09-01T17:27:05 IST" duration-ms="5536" status="PASS">
          <params>
            <param index="0">
              <value>
                <![CDATA["User should move to the Diwan sets page"]]>
              </value>
            </param>
            <param index="1">
              <value>
                <![CDATA["DiwanSets feature"]]>
              </value>
            </param>
          </params>
          <reporter-output>
          </reporter-output>
        </test-method> <!-- runScenario -->
        <test-method signature="runScenario(io.cucumber.testng.PickleWrapper,io.cucumber.testng.FeatureWrapper)[pri:0, instance:runner.Runner@6e20b53a]" started-at="2024-09-01T17:27:05 IST" name="runScenario" description="Runs Cucumber Scenarios" data-provider="scenarios" finished-at="2024-09-01T17:27:11 IST" duration-ms="6002" status="PASS">
          <params>
            <param index="0">
              <value>
                <![CDATA["User should able to click on COD Checkbox"]]>
              </value>
            </param>
            <param index="1">
              <value>
                <![CDATA["DiwanSets feature"]]>
              </value>
            </param>
          </params>
          <reporter-output>
          </reporter-output>
        </test-method> <!-- runScenario -->
        <test-method signature="runScenario(io.cucumber.testng.PickleWrapper,io.cucumber.testng.FeatureWrapper)[pri:0, instance:runner.Runner@6e20b53a]" started-at="2024-09-01T17:27:11 IST" name="runScenario" description="Runs Cucumber Scenarios" data-provider="scenarios" finished-at="2024-09-01T17:27:17 IST" duration-ms="6432" status="PASS">
          <params>
            <param index="0">
              <value>
                <![CDATA["User should able to click on Free Delivery Checkbox"]]>
              </value>
            </param>
            <param index="1">
              <value>
                <![CDATA["DiwanSets feature"]]>
              </value>
            </param>
          </params>
          <reporter-output>
          </reporter-output>
        </test-method> <!-- runScenario -->
        <test-method signature="runScenario(io.cucumber.testng.PickleWrapper,io.cucumber.testng.FeatureWrapper)[pri:0, instance:runner.Runner@6e20b53a]" started-at="2024-09-01T17:27:17 IST" name="runScenario" description="Runs Cucumber Scenarios" data-provider="scenarios" finished-at="2024-09-01T17:27:23 IST" duration-ms="5993" status="PASS">
          <params>
            <param index="0">
              <value>
                <![CDATA["User should able to Compare products"]]>
              </value>
            </param>
            <param index="1">
              <value>
                <![CDATA["DiwanSets feature"]]>
              </value>
            </param>
          </params>
          <reporter-output>
          </reporter-output>
        </test-method> <!-- runScenario -->
        <test-method signature="runScenario(io.cucumber.testng.PickleWrapper,io.cucumber.testng.FeatureWrapper)[pri:0, instance:runner.Runner@6e20b53a]" started-at="2024-09-01T17:27:23 IST" name="runScenario" description="Runs Cucumber Scenarios" data-provider="scenarios" finished-at="2024-09-01T17:27:29 IST" duration-ms="6415" status="PASS">
          <params>
            <param index="0">
              <value>
                <![CDATA["User should able to Sort products"]]>
              </value>
            </param>
            <param index="1">
              <value>
                <![CDATA["DiwanSets feature"]]>
              </value>
            </param>
          </params>
          <reporter-output>
          </reporter-output>
        </test-method> <!-- runScenario -->
        <test-method is-config="true" signature="tearDownClass()[pri:0, instance:runner.Runner@6e20b53a]" started-at="2024-09-01T17:27:29 IST" name="tearDownClass" finished-at="2024-09-01T17:27:30 IST" duration-ms="51" status="PASS">
          <reporter-output>
          </reporter-output>
        </test-method> <!-- tearDownClass -->
      </class> <!-- runner.Runner -->
    </test> <!-- Surefire test -->
  </suite> <!-- Surefire suite -->
</testng-results>
