<?xml version="1.0" encoding="UTF-8"?>
<testsuite xmlns:xsi="http://www.w3.org/2001/XMLSchema-instance" xsi:noNamespaceSchemaLocation="https://maven.apache.org/surefire/maven-surefire-plugin/xsd/surefire-test-report.xsd" version="3.0.2" name="runner.Runner" time="104.314" tests="15" errors="0" skipped="0" failures="0">
  <properties>
[...]
</properties>
  <testcase name="runScenario[&quot;User should move to BedSheets page&quot;, &quot;BedSheeets&quot;](1)" classname="runner.Runner" time="8.337">
    <system-err><![CDATA[SLF4J(W): No SLF4J providers were found.
SLF4J(W): Defaulting to no-operation (NOP) logger implementation
SLF4J(W): See https://www.slf4j.org/codes.html#noProviders for further details.
Sept 01, 2024 5:25:50 PM org.openqa.selenium.devtools.CdpVersionFinder findNearestMatch
WARNING: Unable to find an exact match for CDP version 128, returning the closest version; found: 127; Please update to a Selenium version that supports CDP version 128
]]></system-err>
  </testcase>
  <testcase name="runScenario[&quot;User should able click on checkbox&quot;, &quot;BedSheeets&quot;](2)" classname="runner.Runner" time="6.183">
    <system-err><![CDATA[Sept 01, 2024 5:25:57 PM org.openqa.selenium.devtools.CdpVersionFinder findNearestMatch
WARNING: Unable to find an exact match for CDP version 128, returning the closest version; found: 127; Please update to a Selenium version that supports CDP version 128
]]></system-err>
  </testcase>
  <testcase name="runScenario[&quot;User should able add products to wishlist&quot;, &quot;BedSheeets&quot;](3)" classname="runner.Runner" time="6.053">
    <system-err><![CDATA[Sept 01, 2024 5:26:03 PM org.openqa.selenium.devtools.CdpVersionFinder findNearestMatch
WARNING: Unable to find an exact match for CDP version 128, returning the closest version; found: 127; Please update to a Selenium version that supports CDP version 128
]]></system-err>
  </testcase>
  <testcase name="runScenario[&quot;User should able to Sort products&quot;, &quot;BedSheeets&quot;](4)" classname="runner.Runner" time="6.672">
    <system-err><![CDATA[Sept 01, 2024 5:26:10 PM org.openqa.selenium.devtools.CdpVersionFinder findNearestMatch
WARNING: Unable to find an exact match for CDP version 128, returning the closest version; found: 127; Please update to a Selenium version that supports CDP version 128
]]></system-err>
  </testcase>
  <testcase name="runScenario[&quot;User should able to add product to cart&quot;, &quot;BedSheeets&quot;](5)" classname="runner.Runner" time="8.587">
    <system-err><![CDATA[Sept 01, 2024 5:26:16 PM org.openqa.selenium.devtools.CdpVersionFinder findNearestMatch
WARNING: Unable to find an exact match for CDP version 128, returning the closest version; found: 127; Please update to a Selenium version that supports CDP version 128
]]></system-err>
  </testcase>
  <testcase name="runScenario[&quot;To validate the Bed and Bath Category&quot;, &quot;Bed &amp; Bath feature&quot;](6)" classname="runner.Runner" time="6.397">
    <system-err><![CDATA[Sept 01, 2024 5:26:25 PM org.openqa.selenium.devtools.CdpVersionFinder findNearestMatch
WARNING: Unable to find an exact match for CDP version 128, returning the closest version; found: 127; Please update to a Selenium version that supports CDP version 128
]]></system-err>
  </testcase>
  <testcase name="runScenario[&quot;To validate the Bed and Bath Category&quot;, &quot;Bed &amp; Bath feature&quot;](7)" classname="runner.Runner" time="8.214">
    <system-err><![CDATA[Sept 01, 2024 5:26:31 PM org.openqa.selenium.devtools.CdpVersionFinder findNearestMatch
WARNING: Unable to find an exact match for CDP version 128, returning the closest version; found: 127; Please update to a Selenium version that supports CDP version 128
]]></system-err>
  </testcase>
  <testcase name="runScenario[&quot;To validate the Decor Category&quot;, &quot;Decor&quot;](8)" classname="runner.Runner" time="5.987">
    <system-err><![CDATA[Sept 01, 2024 5:26:39 PM org.openqa.selenium.devtools.CdpVersionFinder findNearestMatch
WARNING: Unable to find an exact match for CDP version 128, returning the closest version; found: 127; Please update to a Selenium version that supports CDP version 128
]]></system-err>
  </testcase>
  <testcase name="runScenario[&quot;To validate the Decor Category&quot;, &quot;Decor&quot;](9)" classname="runner.Runner" time="6.174">
    <system-err><![CDATA[Sept 01, 2024 5:26:45 PM org.openqa.selenium.devtools.CdpVersionFinder findNearestMatch
WARNING: Unable to find an exact match for CDP version 128, returning the closest version; found: 127; Please update to a Selenium version that supports CDP version 128
]]></system-err>
  </testcase>
  <testcase name="runScenario[&quot;To validate the Decor Category&quot;, &quot;Decor&quot;](10)" classname="runner.Runner" time="9.453">
    <system-err><![CDATA[Sept 01, 2024 5:26:51 PM org.openqa.selenium.devtools.CdpVersionFinder findNearestMatch
WARNING: Unable to find an exact match for CDP version 128, returning the closest version; found: 127; Please update to a Selenium version that supports CDP version 128
]]></system-err>
  </testcase>
  <testcase name="runScenario[&quot;User should move to the Diwan sets page&quot;, &quot;DiwanSets feature&quot;](11)" classname="runner.Runner" time="5.537">
    <system-err><![CDATA[Sept 01, 2024 5:27:01 PM org.openqa.selenium.devtools.CdpVersionFinder findNearestMatch
WARNING: Unable to find an exact match for CDP version 128, returning the closest version; found: 127; Please update to a Selenium version that supports CDP version 128
]]></system-err>
  </testcase>
  <testcase name="runScenario[&quot;User should able to click on COD Checkbox&quot;, &quot;DiwanSets feature&quot;](12)" classname="runner.Runner" time="6.003">
    <system-err><![CDATA[Sept 01, 2024 5:27:06 PM org.openqa.selenium.devtools.CdpVersionFinder findNearestMatch
WARNING: Unable to find an exact match for CDP version 128, returning the closest version; found: 127; Please update to a Selenium version that supports CDP version 128
]]></system-err>
  </testcase>
  <testcase name="runScenario[&quot;User should able to click on Free Delivery Checkbox&quot;, &quot;DiwanSets feature&quot;](13)" classname="runner.Runner" time="6.434">
    <system-err><![CDATA[Sept 01, 2024 5:27:13 PM org.openqa.selenium.devtools.CdpVersionFinder findNearestMatch
WARNING: Unable to find an exact match for CDP version 128, returning the closest version; found: 127; Please update to a Selenium version that supports CDP version 128
]]></system-err>
  </testcase>
  <testcase name="runScenario[&quot;User should able to Compare products&quot;, &quot;DiwanSets feature&quot;](14)" classname="runner.Runner" time="5.99">
    <system-err><![CDATA[Sept 01, 2024 5:27:19 PM org.openqa.selenium.devtools.CdpVersionFinder findNearestMatch
WARNING: Unable to find an exact match for CDP version 128, returning the closest version; found: 127; Please update to a Selenium version that supports CDP version 128
]]></system-err>
  </testcase>
  <testcase name="runScenario[&quot;User should able to Sort products&quot;, &quot;DiwanSets feature&quot;](15)" classname="runner.Runner" time="6.415">
    <system-err><![CDATA[Sept 01, 2024 5:27:25 PM org.openqa.selenium.devtools.CdpVersionFinder findNearestMatch
WARNING: Unable to find an exact match for CDP version 128, returning the closest version; found: 127; Please update to a Selenium version that supports CDP version 128
]]></system-err>
  </testcase>
</testsuite>