<?xml version="1.0" encoding="UTF-8"?>
<testng-results ignored="0" total="15" passed="15" failed="0" skipped="0">
  <reporter-output>
  </reporter-output>
  <suite started-at="2024-09-01T10:22:18 IST" name="Default suite" finished-at="2024-09-01T10:23:55 IST" duration-ms="96819">
    <groups>
      <group name="cucumber">
        <method signature="AbstractTestNGCucumberTests.runScenario(io.cucumber.testng.PickleWrapper,io.cucumber.testng.FeatureWrapper)[pri:0, instance:runner.Runner@7d9d0818]" name="runScenario" class="io.cucumber.testng.AbstractTestNGCucumberTests"/>
      </group> <!-- cucumber -->
    </groups>
    <test started-at="2024-09-01T10:22:18 IST" name="Default test" finished-at="2024-09-01T10:23:55 IST" duration-ms="96819">
      <class name="runner.Runner">
        <test-method is-config="true" signature="setUpClass(org.testng.ITestContext)[pri:0, instance:runner.Runner@7d9d0818]" started-at="2024-09-01T10:22:18 IST" name="setUpClass" finished-at="2024-09-01T10:22:19 IST" duration-ms="970" status="PASS">
          <params>
            <param index="0">
              <value>
                <![CDATA[org.testng.TestRunner@7364f68]]>
              </value>
            </param>
          </params>
          <reporter-output>
          </reporter-output>
        </test-method> <!-- setUpClass -->
        <test-method signature="runScenario(io.cucumber.testng.PickleWrapper,io.cucumber.testng.FeatureWrapper)[pri:0, instance:runner.Runner@7d9d0818]" started-at="2024-09-01T10:22:19 IST" name="runScenario" description="Runs Cucumber Scenarios" data-provider="scenarios" finished-at="2024-09-01T10:22:26 IST" duration-ms="6375" status="PASS">
          <params>
            <param index="0">
              <value>
                <![CDATA["User should move to BedSheets page"]]>
              </value>
            </param>
            <param index="1">
              <value>
                <![CDATA["BedSheeets"]]>
              </value>
            </param>
          </params>
          <reporter-output>
          </reporter-output>
        </test-method> <!-- runScenario -->
        <test-method signature="runScenario(io.cucumber.testng.PickleWrapper,io.cucumber.testng.FeatureWrapper)[pri:0, instance:runner.Runner@7d9d0818]" started-at="2024-09-01T10:22:26 IST" name="runScenario" description="Runs Cucumber Scenarios" data-provider="scenarios" finished-at="2024-09-01T10:22:32 IST" duration-ms="6135" status="PASS">
          <params>
            <param index="0">
              <value>
                <![CDATA["User should able click on checkbox"]]>
              </value>
            </param>
            <param index="1">
              <value>
                <![CDATA["BedSheeets"]]>
              </value>
            </param>
          </params>
          <reporter-output>
          </reporter-output>
        </test-method> <!-- runScenario -->
        <test-method signature="runScenario(io.cucumber.testng.PickleWrapper,io.cucumber.testng.FeatureWrapper)[pri:0, instance:runner.Runner@7d9d0818]" started-at="2024-09-01T10:22:32 IST" name="runScenario" description="Runs Cucumber Scenarios" data-provider="scenarios" finished-at="2024-09-01T10:22:38 IST" duration-ms="6118" status="PASS">
          <params>
            <param index="0">
              <value>
                <![CDATA["User should able add products to wishlist"]]>
              </value>
            </param>
            <param index="1">
              <value>
                <![CDATA["BedSheeets"]]>
              </value>
            </param>
          </params>
          <reporter-output>
          </reporter-output>
        </test-method> <!-- runScenario -->
        <test-method signature="runScenario(io.cucumber.testng.PickleWrapper,io.cucumber.testng.FeatureWrapper)[pri:0, instance:runner.Runner@7d9d0818]" started-at="2024-09-01T10:22:38 IST" name="runScenario" description="Runs Cucumber Scenarios" data-provider="scenarios" finished-at="2024-09-01T10:22:44 IST" duration-ms="5885" status="PASS">
          <params>
            <param index="0">
              <value>
                <![CDATA["User should able to Sort products"]]>
              </value>
            </param>
            <param index="1">
              <value>
                <![CDATA["BedSheeets"]]>
              </value>
            </param>
          </params>
          <reporter-output>
          </reporter-output>
        </test-method> <!-- runScenario -->
        <test-method signature="runScenario(io.cucumber.testng.PickleWrapper,io.cucumber.testng.FeatureWrapper)[pri:0, instance:runner.Runner@7d9d0818]" started-at="2024-09-01T10:22:44 IST" name="runScenario" description="Runs Cucumber Scenarios" data-provider="scenarios" finished-at="2024-09-01T10:22:52 IST" duration-ms="8335" status="PASS">
          <params>
            <param index="0">
              <value>
                <![CDATA["User should able to add product to cart"]]>
              </value>
            </param>
            <param index="1">
              <value>
                <![CDATA["BedSheeets"]]>
              </value>
            </param>
          </params>
          <reporter-output>
          </reporter-output>
        </test-method> <!-- runScenario -->
        <test-method signature="runScenario(io.cucumber.testng.PickleWrapper,io.cucumber.testng.FeatureWrapper)[pri:0, instance:runner.Runner@7d9d0818]" started-at="2024-09-01T10:22:52 IST" name="runScenario" description="Runs Cucumber Scenarios" data-provider="scenarios" finished-at="2024-09-01T10:22:58 IST" duration-ms="5347" status="PASS">
          <params>
            <param index="0">
              <value>
                <![CDATA["To validate the Bed and Bath Category"]]>
              </value>
            </param>
            <param index="1">
              <value>
                <![CDATA["Bed & Bath feature"]]>
              </value>
            </param>
          </params>
          <reporter-output>
          </reporter-output>
        </test-method> <!-- runScenario -->
        <test-method signature="runScenario(io.cucumber.testng.PickleWrapper,io.cucumber.testng.FeatureWrapper)[pri:0, instance:runner.Runner@7d9d0818]" started-at="2024-09-01T10:22:58 IST" name="runScenario" description="Runs Cucumber Scenarios" data-provider="scenarios" finished-at="2024-09-01T10:23:06 IST" duration-ms="8227" status="PASS">
          <params>
            <param index="0">
              <value>
                <![CDATA["To validate the Bed and Bath Category"]]>
              </value>
            </param>
            <param index="1">
              <value>
                <![CDATA["Bed & Bath feature"]]>
              </value>
            </param>
          </params>
          <reporter-output>
          </reporter-output>
        </test-method> <!-- runScenario -->
        <test-method signature="runScenario(io.cucumber.testng.PickleWrapper,io.cucumber.testng.FeatureWrapper)[pri:0, instance:runner.Runner@7d9d0818]" started-at="2024-09-01T10:23:06 IST" name="runScenario" description="Runs Cucumber Scenarios" data-provider="scenarios" finished-at="2024-09-01T10:23:12 IST" duration-ms="5910" status="PASS">
          <params>
            <param index="0">
              <value>
                <![CDATA["To validate the Decor Category"]]>
              </value>
            </param>
            <param index="1">
              <value>
                <![CDATA["Decor"]]>
              </value>
            </param>
          </params>
          <reporter-output>
          </reporter-output>
        </test-method> <!-- runScenario -->
        <test-method signature="runScenario(io.cucumber.testng.PickleWrapper,io.cucumber.testng.FeatureWrapper)[pri:0, instance:runner.Runner@7d9d0818]" started-at="2024-09-01T10:23:12 IST" name="runScenario" description="Runs Cucumber Scenarios" data-provider="scenarios" finished-at="2024-09-01T10:23:18 IST" duration-ms="6063" status="PASS">
          <params>
            <param index="0">
              <value>
                <![CDATA["To validate the Decor Category"]]>
              </value>
            </param>
            <param index="1">
              <value>
                <![CDATA["Decor"]]>
              </value>
            </param>
          </params>
          <reporter-output>
          </reporter-output>
        </test-method> <!-- runScenario -->
        <test-method signature="runScenario(io.cucumber.testng.PickleWrapper,io.cucumber.testng.FeatureWrapper)[pri:0, instance:runner.Runner@7d9d0818]" started-at="2024-09-01T10:23:18 IST" name="runScenario" description="Runs Cucumber Scenarios" data-provider="scenarios" finished-at="2024-09-01T10:23:26 IST" duration-ms="8026" status="PASS">
          <params>
            <param index="0">
              <value>
                <![CDATA["To validate the Decor Category"]]>
              </value>
            </param>
            <param index="1">
              <value>
                <![CDATA["Decor"]]>
              </value>
            </param>
          </params>
          <reporter-output>
          </reporter-output>
        </test-method> <!-- runScenario -->
        <test-method signature="runScenario(io.cucumber.testng.PickleWrapper,io.cucumber.testng.FeatureWrapper)[pri:0, instance:runner.Runner@7d9d0818]" started-at="2024-09-01T10:23:26 IST" name="runScenario" description="Runs Cucumber Scenarios" data-provider="scenarios" finished-at="2024-09-01T10:23:31 IST" duration-ms="5564" status="PASS">
          <params>
            <param index="0">
              <value>
                <![CDATA["User should move to the Diwan sets page"]]>
              </value>
            </param>
            <param index="1">
              <value>
                <![CDATA["DiwanSets feature"]]>
              </value>
            </param>
          </params>
          <reporter-output>
          </reporter-output>
        </test-method> <!-- runScenario -->
        <test-method signature="runScenario(io.cucumber.testng.PickleWrapper,io.cucumber.testng.FeatureWrapper)[pri:0, instance:runner.Runner@7d9d0818]" started-at="2024-09-01T10:23:31 IST" name="runScenario" description="Runs Cucumber Scenarios" data-provider="scenarios" finished-at="2024-09-01T10:23:37 IST" duration-ms="5581" status="PASS">
          <params>
            <param index="0">
              <value>
                <![CDATA["User should able to click on COD Checkbox"]]>
              </value>
            </param>
            <param index="1">
              <value>
                <![CDATA["DiwanSets feature"]]>
              </value>
            </param>
          </params>
          <reporter-output>
          </reporter-output>
        </test-method> <!-- runScenario -->
        <test-method signature="runScenario(io.cucumber.testng.PickleWrapper,io.cucumber.testng.FeatureWrapper)[pri:0, instance:runner.Runner@7d9d0818]" started-at="2024-09-01T10:23:37 IST" name="runScenario" description="Runs Cucumber Scenarios" data-provider="scenarios" finished-at="2024-09-01T10:23:43 IST" duration-ms="5744" status="PASS">
          <params>
            <param index="0">
              <value>
                <![CDATA["User should able to click on Free Delivery Checkbox"]]>
              </value>
            </param>
            <param index="1">
              <value>
                <![CDATA["DiwanSets feature"]]>
              </value>
            </param>
          </params>
          <reporter-output>
          </reporter-output>
        </test-method> <!-- runScenario -->
        <test-method signature="runScenario(io.cucumber.testng.PickleWrapper,io.cucumber.testng.FeatureWrapper)[pri:0, instance:runner.Runner@7d9d0818]" started-at="2024-09-01T10:23:43 IST" name="runScenario" description="Runs Cucumber Scenarios" data-provider="scenarios" finished-at="2024-09-01T10:23:49 IST" duration-ms="6059" status="PASS">
          <params>
            <param index="0">
              <value>
                <![CDATA["User should able to Compare products"]]>
              </value>
            </param>
            <param index="1">
              <value>
                <![CDATA["DiwanSets feature"]]>
              </value>
            </param>
          </params>
          <reporter-output>
          </reporter-output>
        </test-method> <!-- runScenario -->
        <test-method signature="runScenario(io.cucumber.testng.PickleWrapper,io.cucumber.testng.FeatureWrapper)[pri:0, instance:runner.Runner@7d9d0818]" started-at="2024-09-01T10:23:49 IST" name="runScenario" description="Runs Cucumber Scenarios" data-provider="scenarios" finished-at="2024-09-01T10:23:55 IST" duration-ms="6312" status="PASS">
          <params>
            <param index="0">
              <value>
                <![CDATA["User should able to Sort products"]]>
              </value>
            </param>
            <param index="1">
              <value>
                <![CDATA["DiwanSets feature"]]>
              </value>
            </param>
          </params>
          <reporter-output>
          </reporter-output>
        </test-method> <!-- runScenario -->
        <test-method is-config="true" signature="tearDownClass()[pri:0, instance:runner.Runner@7d9d0818]" started-at="2024-09-01T10:23:55 IST" name="tearDownClass" finished-at="2024-09-01T10:23:55 IST" duration-ms="34" status="PASS">
          <reporter-output>
          </reporter-output>
        </test-method> <!-- tearDownClass -->
      </class> <!-- runner.Runner -->
    </test> <!-- Default test -->
  </suite> <!-- Default suite -->
</testng-results>
